<?xml version="1.0" encoding="UTF-8"?>
<!-- Generated by org.testng.reporters.JUnitReportReporter -->
<testsuite hostname="DESKTOP-I5SEA3K" failures="0" tests="1" name="com.api.XMLParsing" time="2.592" errors="0" timestamp="2024-04-12T16:37:06 IST" skipped="0">
  <testcase classname="com.api.XMLParsing" name="xmlparsing" time="2.592"/>
</testsuite> <!-- com.api.XMLParsing -->
