<?xml version="1.0" encoding="UTF-8"?>
<!-- Generated by org.testng.reporters.JUnitReportReporter -->
<testsuite hostname="DESKTOP-I5SEA3K" failures="0" tests="1" name="com.api.CookiesAndHeaders" time="1.307" errors="0" timestamp="2024-03-26T18:58:48 IST" skipped="0">
  <testcase classname="com.api.CookiesAndHeaders" name="cookie" time="1.307"/>
</testsuite> <!-- com.api.CookiesAndHeaders -->
