<?xml version="1.0" encoding="UTF-8"?>
<!-- Generated by org.testng.reporters.JUnitReportReporter -->
<testsuite hostname="DESKTOP-I5SEA3K" failures="0" tests="1" name="com.api.chaining.DeleteUser" time="0.626" errors="0" timestamp="2024-04-16T15:14:11 IST" skipped="0">
  <testcase classname="com.api.chaining.DeleteUser" name="deleteUser" time="0.626"/>
</testsuite> <!-- com.api.chaining.DeleteUser -->
