<?xml version="1.0" encoding="UTF-8"?>
<!-- Generated by org.testng.reporters.JUnitReportReporter -->
<testsuite hostname="DESKTOP-I5SEA3K" failures="0" tests="1" name="com.api.Parameters" time="1.809" errors="0" timestamp="2024-03-26T16:34:02 IST" skipped="0">
  <testcase classname="com.api.Parameters" name="listAllUsers" time="1.809"/>
</testsuite> <!-- com.api.Parameters -->
