<?xml version="1.0" encoding="UTF-8"?>
<!-- Generated by org.testng.reporters.JUnitReportReporter -->
<testsuite hostname="DESKTOP-I5SEA3K" failures="0" tests="4" name="com.api.HttpsRequests" time="3.480" errors="0" timestamp="2024-03-22T19:37:44 IST" skipped="0">
  <testcase classname="com.api.HttpsRequests" name="createUser" time="2.028"/>
  <testcase classname="com.api.HttpsRequests" name="listAllUsers" time="0.294"/>
  <testcase classname="com.api.HttpsRequests" name="updateUser" time="0.593"/>
  <testcase classname="com.api.HttpsRequests" name="deleteUser" time="0.565"/>
</testsuite> <!-- com.api.HttpsRequests -->
