<?xml version="1.0" encoding="UTF-8"?>
<!-- Generated by org.testng.reporters.JUnitReportReporter -->
<testsuite hostname="DESKTOP-I5SEA3K" failures="0" tests="1" name="com.api.JSONParsing" time="1.948" errors="0" timestamp="2024-04-12T16:15:08 IST" skipped="0">
  <testcase classname="com.api.JSONParsing" name="jsonParcingTest" time="1.948"/>
</testsuite> <!-- com.api.JSONParsing -->
