<?xml version="1.0" encoding="UTF-8"?>
<!-- Generated by org.testng.reporters.JUnitReportReporter -->
<testsuite hostname="DESKTOP-I5SEA3K" failures="0" tests="1" name="com.api.HttpRequests2" time="3.932" errors="0" timestamp="2024-03-24T12:36:54 IST" skipped="0">
  <testcase classname="com.api.HttpRequests2" name="createUserJSONFile" time="3.932"/>
</testsuite> <!-- com.api.HttpRequests2 -->
