<?xml version="1.0" encoding="UTF-8"?>
<!-- Generated by org.testng.reporters.JUnitReportReporter -->
<testsuite hostname="DESKTOP-I5SEA3K" failures="0" tests="1" name="com.api.SchemaValidation" time="2.845" errors="0" timestamp="2024-04-15T17:28:20 IST" skipped="0">
  <testcase classname="com.api.SchemaValidation" name="schemaValidation" time="2.845"/>
</testsuite> <!-- com.api.SchemaValidation -->
