<?xml version="1.0" encoding="UTF-8"?>
<!-- Generated by org.testng.reporters.JUnitReportReporter -->
<testsuite hostname="DESKTOP-I5SEA3K" failures="0" tests="2" name="com.api.Authentication" time="12.638" errors="0" timestamp="2024-04-15T18:00:38 IST" skipped="0">
  <testcase classname="com.api.Authentication" name="basicAuth" time="8.922"/>
  <testcase classname="com.api.Authentication" name="digestAuth" time="3.716"/>
</testsuite> <!-- com.api.Authentication -->
